2013-02-27 02:04:37: Starting run of MNIST.py
2013-02-27 02:04:37: Namespace(dict_atoms='10', dict_init='gabor', dict_reg='0.001', mod_reg='0.01')
2013-02-27 02:04:39: === Batch training ===
2013-02-27 02:04:39: Iteration 1
2013-02-27 02:04:39: Iteration 2
2013-02-27 02:04:39: Iteration 3
2013-02-27 02:04:39: Iteration 4
2013-02-27 02:04:39: Iteration 5
2013-02-27 02:04:39: Iteration 6
2013-02-27 02:04:39: Iteration 7
2013-02-27 02:04:39: Iteration 8
2013-02-27 02:04:39: Iteration 9
2013-02-27 02:04:39: Iteration 10
2013-02-27 02:04:39: Trained sample in 0.02 seconds
2013-02-27 02:04:39: === Save figures ===
2013-02-27 02:04:42: === Reconstruction ===
2013-02-27 02:04:47: Iteration 10000
2013-02-27 02:04:51: Iteration 20000
2013-02-27 02:04:55: Iteration 30000
2013-02-27 02:04:59: Iteration 40000
2013-02-27 02:05:04: Iteration 50000
2013-02-27 02:05:08: Iteration 60000
2013-02-27 02:05:08: Average fraction of nonzero coefficients: 0.343092
2013-02-27 02:05:08: Average relative l2 error on reconstruction set is: 0.81
2013-02-27 02:05:08: Reconstructed sample in 26.05 seconds
2013-02-27 02:05:08: === Reconstruction ===
2013-02-27 02:05:13: Iteration 10000
2013-02-27 02:05:13: Average fraction of nonzero coefficients: 0.348550
2013-02-27 02:05:13: Average relative l2 error on reconstruction set is: 0.81
2013-02-27 02:05:13: Reconstructed sample in 4.47 seconds
2013-02-27 02:05:13: 	 ===Training model====
2013-02-27 02:05:13: trained 5000 samples
2013-02-27 02:05:13: avg hinge loss: 0.949651 	 avg 0-1 loss: 0.586800
2013-02-27 02:05:13: trained 10000 samples
2013-02-27 02:05:13: avg hinge loss: 0.943111 	 avg 0-1 loss: 0.575500
2013-02-27 02:05:14: trained 15000 samples
2013-02-27 02:05:14: avg hinge loss: 0.945261 	 avg 0-1 loss: 0.569400
2013-02-27 02:05:14: trained 20000 samples
2013-02-27 02:05:14: avg hinge loss: 0.942450 	 avg 0-1 loss: 0.565450
2013-02-27 02:05:14: trained 25000 samples
2013-02-27 02:05:14: avg hinge loss: 0.943106 	 avg 0-1 loss: 0.563120
2013-02-27 02:05:15: trained 30000 samples
2013-02-27 02:05:15: avg hinge loss: 0.940164 	 avg 0-1 loss: 0.557033
2013-02-27 02:05:15: trained 35000 samples
2013-02-27 02:05:15: avg hinge loss: 0.939625 	 avg 0-1 loss: 0.558400
2013-02-27 02:05:16: trained 40000 samples
2013-02-27 02:05:16: avg hinge loss: 0.940459 	 avg 0-1 loss: 0.557425
2013-02-27 02:05:16: trained 45000 samples
2013-02-27 02:05:16: avg hinge loss: 0.941946 	 avg 0-1 loss: 0.556533
2013-02-27 02:05:16: trained 50000 samples
2013-02-27 02:05:16: avg hinge loss: 0.941890 	 avg 0-1 loss: 0.556020
2013-02-27 02:05:17: trained 55000 samples
2013-02-27 02:05:17: avg hinge loss: 0.941307 	 avg 0-1 loss: 0.554673
2013-02-27 02:05:17: trained 60000 samples
2013-02-27 02:05:17: avg hinge loss: 0.938142 	 avg 0-1 loss: 0.550917
2013-02-27 02:05:17: 	 ===Predicting test set===
2013-02-27 02:05:17: Accuracy: 0.453800
2013-02-27 02:05:17: [0.88, 0.87, 0.07, 0.69, 0.51, 0.39, 0.3, 0.03, 0.52, 0.25]
2013-02-27 02:05:17: Run of MNIST.py is complete!


2013-02-27 02:07:58: Starting run of MNIST.py
2013-02-27 02:07:58: Namespace(dict_atoms='500', dict_init='gabor', dict_reg='0.003', mod_reg='0.001')


2013-02-27 02:08:34: Starting run of MNIST.py
2013-02-27 02:08:34: Namespace(dict_atoms='500', dict_init='gabor', dict_reg='0.003', mod_reg='0.001')
2013-02-27 02:08:37: === Batch training ===
2013-02-27 02:08:37: Iteration 1
2013-02-27 02:08:37: Iteration 2
2013-02-27 02:08:37: Iteration 3
2013-02-27 02:08:37: Iteration 4
2013-02-27 02:08:37: Iteration 5
2013-02-27 02:08:37: Iteration 6
2013-02-27 02:08:38: Iteration 7
2013-02-27 02:08:38: Iteration 8
2013-02-27 02:08:38: Iteration 9
2013-02-27 02:08:38: Iteration 10
2013-02-27 02:08:38: Trained sample in 0.45 seconds
2013-02-27 02:08:38: === Save figures ===


2013-02-27 02:12:01: Starting run of MNIST.py
2013-02-27 02:12:01: Namespace(dict_atoms='500', dict_init='gabor', dict_reg='0.003', mod_reg='0.001')


2013-02-27 02:12:15: Starting run of MNIST.py
2013-02-27 02:12:15: Namespace(dict_atoms='500', dict_init='gabor', dict_reg='0.003', mod_reg='0.001')
2013-02-27 02:12:17: 500
2013-02-27 02:12:17: === Batch training ===
2013-02-27 02:12:17: Iteration 1
2013-02-27 02:12:17: Iteration 2
2013-02-27 02:12:17: Iteration 3
2013-02-27 02:12:17: Iteration 4
2013-02-27 02:12:17: Iteration 5
2013-02-27 02:12:17: Iteration 6
2013-02-27 02:12:17: Iteration 7
2013-02-27 02:12:17: Iteration 8
2013-02-27 02:12:17: Iteration 9
2013-02-27 02:12:17: Iteration 10
2013-02-27 02:12:18: Trained sample in 0.38 seconds
2013-02-27 02:12:18: === Save figures ===


